<?xml version="1.0" encoding="UTF-8"?>
<testng-results ignored="0" total="1" passed="1" failed="0" skipped="0">
  <reporter-output>
  </reporter-output>
  <suite started-at="2024-05-30T10:05:33 IST" name="Suite" finished-at="2024-05-30T10:05:47 IST" duration-ms="14263">
    <groups>
    </groups>
    <test started-at="2024-05-30T10:05:33 IST" name="Error Validation Test" finished-at="2024-05-30T10:05:47 IST" duration-ms="14263">
      <class name="com.adarsh.tests.ErrorValidations">
        <test-method is-config="true" signature="launchApplication()[pri:0, instance:com.adarsh.tests.ErrorValidations@194fad1]" started-at="2024-05-30T10:05:33 IST" name="launchApplication" finished-at="2024-05-30T10:05:44 IST" duration-ms="10993" status="PASS">
          <reporter-output>
          </reporter-output>
        </test-method> <!-- launchApplication -->
        <test-method signature="errorHandling()[pri:0, instance:com.adarsh.tests.ErrorValidations@194fad1]" started-at="2024-05-30T10:05:44 IST" name="errorHandling" finished-at="2024-05-30T10:05:45 IST" duration-ms="847" status="PASS">
          <reporter-output>
          </reporter-output>
        </test-method> <!-- errorHandling -->
        <test-method is-config="true" signature="closeApplication()[pri:0, instance:com.adarsh.tests.ErrorValidations@194fad1]" started-at="2024-05-30T10:05:45 IST" name="closeApplication" finished-at="2024-05-30T10:05:47 IST" duration-ms="1983" status="PASS">
          <reporter-output>
          </reporter-output>
        </test-method> <!-- closeApplication -->
      </class> <!-- com.adarsh.tests.ErrorValidations -->
    </test> <!-- Error Validation Test -->
  </suite> <!-- Suite -->
</testng-results>
